{
  "RSpec": {
    "coverage": {
      "/mnt/c/Users/SC094304/Downloads/ITSM/app/models/user.rb": {
        "lines": [
          1,
          null,
          null,
          1,
          null,
          1,
          null,
          null
        ]
      },
      "/mnt/c/Users/SC094304/Downloads/ITSM/app/models/application_record.rb": {
        "lines": [
          1,
          1,
          null
        ]
      },
      "/mnt/c/Users/SC094304/Downloads/ITSM/app/controllers/employees_controller.rb": {
        "lines": [
          1,
          1,
          null,
          null,
          1,
          2,
          null,
          null,
          null,
          1,
          1,
          null,
          null,
          null,
          1,
          2,
          2,
          null,
          2,
          2,
          2,
          null,
          2,
          null,
          null,
          null,
          null,
          1,
          null,
          null,
          1,
          0,
          null,
          null,
          null,
          1,
          2,
          null,
          null,
          1,
          2,
          null,
          null
        ]
      },
      "/mnt/c/Users/SC094304/Downloads/ITSM/app/controllers/application_controller.rb": {
        "lines": [
          1,
          1,
          1,
          null,
          null,
          1,
          0,
          0,
          0,
          0,
          0,
          0,
          null,
          0,
          null,
          null,
          null,
          1,
          null,
          null,
          1,
          4,
          null,
          null
        ]
      },
      "/mnt/c/Users/SC094304/Downloads/ITSM/app/controllers/tickets_controller.rb": {
        "lines": [
          1,
          1,
          1,
          null,
          null,
          1,
          0,
          null,
          null,
          null,
          1,
          0,
          null,
          null,
          null,
          1,
          1,
          0,
          null,
          0,
          null,
          null,
          null,
          1,
          1,
          null,
          null,
          1,
          1,
          null,
          null,
          null,
          1,
          0,
          0,
          0,
          0,
          0,
          null,
          0,
          null,
          null,
          null,
          null,
          null,
          1,
          0,
          0,
          0,
          0,
          null,
          0,
          null,
          null,
          0,
          null,
          null,
          null,
          null,
          1,
          null,
          1,
          1,
          null,
          null,
          1,
          0,
          null,
          null,
          1,
          0,
          null,
          null
        ]
      },
      "/mnt/c/Users/SC094304/Downloads/ITSM/app/models/ticket.rb": {
        "lines": [
          1,
          1,
          1,
          1,
          null,
          1,
          1,
          1,
          null,
          1,
          null,
          null,
          2,
          null,
          1,
          1,
          null,
          null
        ]
      },
      "/mnt/c/Users/SC094304/Downloads/ITSM/app/models/employee.rb": {
        "lines": [
          1,
          1,
          1,
          1,
          null,
          null,
          1,
          1,
          null,
          null,
          3,
          1,
          2,
          null,
          null
        ]
      },
      "/mnt/c/Users/SC094304/Downloads/ITSM/app/models/designation.rb": {
        "lines": [
          1,
          1,
          null
        ]
      },
      "/mnt/c/Users/SC094304/Downloads/ITSM/app/services/employee_creation_service.rb": {
        "lines": [
          1,
          1,
          1,
          2,
          2,
          null,
          null,
          1,
          null,
          2,
          1,
          null,
          1,
          1,
          null,
          1,
          null,
          null
        ]
      },
      "/mnt/c/Users/SC094304/Downloads/ITSM/app/models/tstatus.rb": {
        "lines": [
          1,
          1,
          null
        ]
      },
      "/mnt/c/Users/SC094304/Downloads/ITSM/app/models/service.rb": {
        "lines": [
          1,
          1,
          1,
          null
        ]
      },
      "/mnt/c/Users/SC094304/Downloads/ITSM/app/controllers/home_controller.rb": {
        "lines": [
          1,
          null,
          null
        ]
      }
    },
    "timestamp": 1641329687
  }
}
